{"level":"info","message":"/n URL: /api/likes/6 - {}","service":"user-service"}
{"level":"info","message":"/n URL: /favicon.ico - {}","service":"user-service"}
{"level":"info","message":"/n URL: /api/likes/toggle/6 - {\"userid\":\"1\"}","service":"user-service"}
{"level":"info","message":"/n URL: /api/likes/6 - {}","service":"user-service"}
{"level":"info","message":"/n URL: /favicon.ico - {}","service":"user-service"}
{"level":"info","message":"/n URL: /api/likes/toggle/6 - {\"userid\":\"1\"}","service":"user-service"}
{"level":"info","message":"/n URL: /api/likes/6 - {}","service":"user-service"}
{"level":"info","message":"/n URL: /favicon.ico - {}","service":"user-service"}
{"level":"info","message":"/n URL: /api/likes/toggle/6 - {\"userid\":\"1\"}","service":"user-service"}
{"level":"info","message":"/n URL: /api/likes/6 - {}","service":"user-service"}
{"level":"info","message":"/n URL: /favicon.ico - {}","service":"user-service"}
{"level":"info","message":"/n URL: /api/post/all - {}","service":"user-service"}
{"level":"info","message":"/n URL: / - {}","service":"user-service"}
{"level":"info","message":"/n URL: /favicon.ico - {}","service":"user-service"}
{"level":"info","message":"/n URL: /api/user/signup - {}","service":"user-service"}
{"level":"info","message":"/n URL: /favicon.ico - {}","service":"user-service"}
{"level":"info","message":"/n URL: /api/user/signin - {}","service":"user-service"}
{"level":"info","message":"/n URL: /favicon.ico - {}","service":"user-service"}
{"level":"info","message":"/n URL: /api/user/signin - {\"email\":\"tirtha125@gmail.com\",\"password\":\"1234\"}","service":"user-service"}
{"level":"info","message":"/n URL: /api/post/all - {}","service":"user-service"}
{"level":"info","message":"/n URL: /favicon.ico - {}","service":"user-service"}
{"level":"info","message":"/n URL: /api/post/all - {}","service":"user-service"}
{"level":"info","message":"/n URL: /favicon.ico - {}","service":"user-service"}
{"level":"info","message":"/n URL: /api/post/all - {}","service":"user-service"}
{"level":"info","message":"/n URL: /favicon.ico - {}","service":"user-service"}
{"level":"info","message":"/n URL: /api/post/all - {}","service":"user-service"}
{"level":"info","message":"/n URL: /favicon.ico - {}","service":"user-service"}
{"level":"info","message":"/n URL: /api/post/save - {}","service":"user-service"}
{"level":"info","message":"/n URL: /favicon.ico - {}","service":"user-service"}
{"level":"info","message":"/n URL: /favicon.ico - {}","service":"user-service"}
{"level":"info","message":"/n URL: /api/post/all - {}","service":"user-service"}
{"level":"info","message":"/n URL: /favicon.ico - {}","service":"user-service"}
{"level":"info","message":"/n URL: /api/post/all - {}","service":"user-service"}
{"level":"info","message":"/n URL: /favicon.ico - {}","service":"user-service"}
{"level":"info","message":"/n URL: /api/post/save - {\"positd\":\"1\"}","service":"user-service"}
{"level":"info","message":"/n URL: /favicon.ico - {}","service":"user-service"}
{"level":"info","message":"/n URL: /favicon.ico - {}","service":"user-service"}
{"level":"info","message":"/n URL: /api/post/save - {\"positd\":\"1\"}","service":"user-service"}
{"level":"info","message":"/n URL: /favicon.ico - {}","service":"user-service"}
{"level":"info","message":"/n URL: /favicon.ico - {}","service":"user-service"}
{"level":"info","message":"/n URL: /api/post/all - {}","service":"user-service"}
{"level":"info","message":"/n URL: /api/post/all - {}","service":"user-service"}
{"level":"info","message":"/n URL: /favicon.ico - {}","service":"user-service"}
{"level":"info","message":"/n URL: /api/post/save - {\"positd\":\"1\"}","service":"user-service"}
{"level":"info","message":"/n URL: /favicon.ico - {}","service":"user-service"}
{"level":"info","message":"/n URL: /favicon.ico - {}","service":"user-service"}
{"level":"info","message":"/n URL: /api/post/all - {}","service":"user-service"}
{"level":"info","message":"/n URL: /api/post/save - {\"positd\":\"1\"}","service":"user-service"}
{"level":"info","message":"/n URL: /favicon.ico - {}","service":"user-service"}
{"level":"info","message":"/n URL: /favicon.ico - {}","service":"user-service"}
{"level":"info","message":"/n URL: /api/post/save - {\"positd\":\"3\"}","service":"user-service"}
{"level":"info","message":"/n URL: /favicon.ico - {}","service":"user-service"}
{"level":"info","message":"/n URL: /favicon.ico - {}","service":"user-service"}
{"level":"info","message":"/n URL: /api/post/all - {}","service":"user-service"}
{"level":"info","message":"/n URL: /favicon.ico - {}","service":"user-service"}
{"level":"info","message":"/n URL: /api/post/save - {\"postid\":\"3\",\"userid\":\"1\"}","service":"user-service"}
{"level":"info","message":"/n URL: /favicon.ico - {}","service":"user-service"}
{"level":"info","message":"/n URL: /favicon.ico - {}","service":"user-service"}
{"level":"info","message":"/n URL: /api/post/all - {}","service":"user-service"}
{"level":"info","message":"/n URL: /favicon.ico - {}","service":"user-service"}
{"level":"info","message":"/n URL: /api/post/all - {}","service":"user-service"}
{"level":"info","message":"/n URL: /favicon.ico - {}","service":"user-service"}
{"level":"info","message":"/n URL: /api/post/all - {}","service":"user-service"}
{"level":"info","message":"/n URL: /favicon.ico - {}","service":"user-service"}
{"level":"info","message":"/n URL: /api/post/savedposts - {}","service":"user-service"}
{"level":"info","message":"/n URL: /favicon.ico - {}","service":"user-service"}
{"level":"info","message":"/n URL: /favicon.ico - {}","service":"user-service"}
{"level":"info","message":"/n URL: /api/post/all - {}","service":"user-service"}
{"level":"info","message":"/n URL: /favicon.ico - {}","service":"user-service"}
{"level":"info","message":"/n URL: /api/post/all - {}","service":"user-service"}
{"level":"info","message":"/n URL: /favicon.ico - {}","service":"user-service"}
{"level":"info","message":"/n URL: /api/post/all - {}","service":"user-service"}
{"level":"info","message":"/n URL: /favicon.ico - {}","service":"user-service"}
{"level":"info","message":"/n URL: /api/post/save - {\"postid\":\"1\",\"userid\":\"1\"}","service":"user-service"}
{"level":"info","message":"/n URL: /api/post/all - {}","service":"user-service"}
{"level":"info","message":"/n URL: /favicon.ico - {}","service":"user-service"}
{"level":"info","message":"/n URL: /api/post/all - {}","service":"user-service"}
{"level":"info","message":"/n URL: /favicon.ico - {}","service":"user-service"}
{"level":"info","message":"/n URL: /api/post/all - {}","service":"user-service"}
{"level":"info","message":"/n URL: /favicon.ico - {}","service":"user-service"}
{"level":"info","message":"/n URL: /api/post/all - {}","service":"user-service"}
{"level":"info","message":"/n URL: /favicon.ico - {}","service":"user-service"}
{"level":"info","message":"/n URL: /favicon.ico - {}","service":"user-service"}
{"level":"info","message":"/n URL: /api/user/signin - {}","service":"user-service"}
{"level":"info","message":"/n URL: /favicon.ico - {}","service":"user-service"}
{"level":"info","message":"/n URL: /api/user/signin - {\"email\":\"tirtha125@gmail.com\",\"password\":\"1234\"}","service":"user-service"}
{"level":"info","message":"/n URL: /api/post/all - {}","service":"user-service"}
{"level":"info","message":"/n URL: /favicon.ico - {}","service":"user-service"}
{"level":"info","message":"/n URL: /api/post/all - {}","service":"user-service"}
{"level":"info","message":"/n URL: /favicon.ico - {}","service":"user-service"}
{"level":"info","message":"/n URL: /api/post/all - {}","service":"user-service"}
{"level":"info","message":"/n URL: /favicon.ico - {}","service":"user-service"}
{"level":"info","message":"/n URL: /api/post/all - {}","service":"user-service"}
{"level":"info","message":"/n URL: /favicon.ico - {}","service":"user-service"}
{"level":"info","message":"/n URL: /api/post/all - {}","service":"user-service"}
{"level":"info","message":"/n URL: /favicon.ico - {}","service":"user-service"}
{"level":"info","message":"/n URL: /api/post/all - {}","service":"user-service"}
{"level":"info","message":"/n URL: /favicon.ico - {}","service":"user-service"}
{"level":"info","message":"/n URL: /api/post/all - {}","service":"user-service"}
{"level":"info","message":"/n URL: /favicon.ico - {}","service":"user-service"}
{"level":"info","message":"/n URL: /api/post/save - {\"postid\":\"2\",\"userid\":\"1\"}","service":"user-service"}
{"level":"info","message":"/n URL: /api/post/all - {}","service":"user-service"}
{"level":"info","message":"/n URL: /favicon.ico - {}","service":"user-service"}
{"level":"info","message":"/n URL: /api/post/save - {\"postid\":\"1\",\"userid\":\"1\"}","service":"user-service"}
{"level":"info","message":"/n URL: /api/post/all - {}","service":"user-service"}
{"level":"info","message":"/n URL: /favicon.ico - {}","service":"user-service"}
{"level":"info","message":"/n URL: /api/post/all - {}","service":"user-service"}
{"level":"info","message":"/n URL: /favicon.ico - {}","service":"user-service"}
{"level":"info","message":"/n URL: /api/post/all - {}","service":"user-service"}
{"level":"info","message":"/n URL: /favicon.ico - {}","service":"user-service"}
{"level":"info","message":"/n URL: /api/post/save - {\"postid\":\"1\",\"userid\":\"1\"}","service":"user-service"}
{"level":"info","message":"/n URL: /api/post/all - {}","service":"user-service"}
{"level":"info","message":"/n URL: /favicon.ico - {}","service":"user-service"}
{"level":"info","message":"/n URL: /api/post/all - {}","service":"user-service"}
{"level":"info","message":"/n URL: /favicon.ico - {}","service":"user-service"}
{"level":"info","message":"/n URL: /api/post/savedposts - {}","service":"user-service"}
{"level":"info","message":"/n URL: /favicon.ico - {}","service":"user-service"}
{"level":"info","message":"/n URL: /api/post/savedposts - {}","service":"user-service"}
{"level":"info","message":"/n URL: /api/post/savedposts - {}","service":"user-service"}
{"level":"info","message":"/n URL: /favicon.ico - {}","service":"user-service"}
{"level":"info","message":"/n URL: /api/post/savedposts - {}","service":"user-service"}
{"level":"info","message":"/n URL: /favicon.ico - {}","service":"user-service"}
{"level":"info","message":"/n URL: /api/post/all - {}","service":"user-service"}
{"level":"info","message":"/n URL: /favicon.ico - {}","service":"user-service"}
{"level":"info","message":"/n URL: /api/post/save - {\"postid\":\"1\",\"userid\":\"1\"}","service":"user-service"}
{"level":"info","message":"/n URL: /api/post/all - {}","service":"user-service"}
{"level":"info","message":"/n URL: /favicon.ico - {}","service":"user-service"}
{"level":"info","message":"/n URL: /api/post/save - {\"postid\":\"2\",\"userid\":\"1\"}","service":"user-service"}
{"level":"info","message":"/n URL: /api/post/all - {}","service":"user-service"}
{"level":"info","message":"/n URL: /favicon.ico - {}","service":"user-service"}
{"level":"info","message":"/n URL: /api/post/savedposts - {}","service":"user-service"}
{"level":"info","message":"/n URL: /favicon.ico - {}","service":"user-service"}
{"level":"info","message":"/n URL: /api/post/all - {}","service":"user-service"}
{"level":"info","message":"/n URL: /favicon.ico - {}","service":"user-service"}
{"level":"info","message":"/n URL: /api/post/all - {}","service":"user-service"}
{"level":"info","message":"/n URL: /favicon.ico - {}","service":"user-service"}
{"level":"info","message":"/n URL: /api/post/save - {\"postid\":\"1\",\"userid\":\"1\"}","service":"user-service"}
{"level":"info","message":"/n URL: /api/post/all - {}","service":"user-service"}
{"level":"info","message":"/n URL: /favicon.ico - {}","service":"user-service"}
{"level":"info","message":"/n URL: /api/post/savedposts - {}","service":"user-service"}
{"level":"info","message":"/n URL: /favicon.ico - {}","service":"user-service"}
{"level":"info","message":"/n URL: /api/post/all - {}","service":"user-service"}
{"level":"info","message":"/n URL: /favicon.ico - {}","service":"user-service"}
{"level":"info","message":"/n URL: /api/post/save - {\"postid\":\"2\",\"userid\":\"1\"}","service":"user-service"}
{"level":"info","message":"/n URL: /api/post/all - {}","service":"user-service"}
{"level":"info","message":"/n URL: /favicon.ico - {}","service":"user-service"}
{"level":"info","message":"/n URL: /api/post/savedposts - {}","service":"user-service"}
{"level":"info","message":"/n URL: /favicon.ico - {}","service":"user-service"}
{"level":"info","message":"/n URL: /api/post/all - {}","service":"user-service"}
{"level":"info","message":"/n URL: /favicon.ico - {}","service":"user-service"}
{"level":"info","message":"/n URL: /api/post/all - {}","service":"user-service"}
{"level":"info","message":"/n URL: /favicon.ico - {}","service":"user-service"}
{"level":"info","message":"/n URL: /api/post/save - {\"postid\":\"1\",\"userid\":\"1\"}","service":"user-service"}
{"level":"info","message":"/n URL: /api/post/all - {}","service":"user-service"}
{"level":"info","message":"/n URL: /favicon.ico - {}","service":"user-service"}
{"level":"info","message":"/n URL: /api/post/save - {\"postid\":\"1\",\"userid\":\"1\"}","service":"user-service"}
{"level":"info","message":"/n URL: /api/post/all - {}","service":"user-service"}
{"level":"info","message":"/n URL: /favicon.ico - {}","service":"user-service"}
{"level":"info","message":"/n URL: /api/post/all - {}","service":"user-service"}
{"level":"info","message":"/n URL: /favicon.ico - {}","service":"user-service"}
{"level":"info","message":"/n URL: /api/post/save - {\"postid\":\"1\",\"userid\":\"1\"}","service":"user-service"}
{"level":"info","message":"/n URL: /api/post/all - {}","service":"user-service"}
{"level":"info","message":"/n URL: /favicon.ico - {}","service":"user-service"}
{"level":"info","message":"/n URL: /api/post/savedposts - {}","service":"user-service"}
{"level":"info","message":"/n URL: /favicon.ico - {}","service":"user-service"}
{"level":"info","message":"/n URL: /api/post/all - {}","service":"user-service"}
{"level":"info","message":"/n URL: /favicon.ico - {}","service":"user-service"}
{"level":"info","message":"/n URL: /api/post/all - {}","service":"user-service"}
{"level":"info","message":"/n URL: /favicon.ico - {}","service":"user-service"}
{"level":"info","message":"/n URL: /api/post/save - {\"postid\":\"1\",\"userid\":\"1\"}","service":"user-service"}
{"level":"info","message":"/n URL: /api/post/all - {}","service":"user-service"}
{"level":"info","message":"/n URL: /favicon.ico - {}","service":"user-service"}
{"level":"info","message":"/n URL: /api/post/save - {\"postid\":\"2\",\"userid\":\"1\"}","service":"user-service"}
{"level":"info","message":"/n URL: /api/post/all - {}","service":"user-service"}
{"level":"info","message":"/n URL: /favicon.ico - {}","service":"user-service"}
{"level":"info","message":"/n URL: /api/post/savedposts - {}","service":"user-service"}
{"level":"info","message":"/n URL: /favicon.ico - {}","service":"user-service"}
{"level":"info","message":"/n URL: /api/post/save - {\"postid\":\"2\",\"userid\":\"1\"}","service":"user-service"}
{"level":"info","message":"/n URL: /api/post/all - {}","service":"user-service"}
{"level":"info","message":"/n URL: /favicon.ico - {}","service":"user-service"}
{"level":"info","message":"/n URL: /api/post/savedposts - {}","service":"user-service"}
{"level":"info","message":"/n URL: /favicon.ico - {}","service":"user-service"}
{"level":"info","message":"/n URL: /api/post/all - {}","service":"user-service"}
{"level":"info","message":"/n URL: /favicon.ico - {}","service":"user-service"}
{"level":"info","message":"/n URL: /api/likes/2 - {}","service":"user-service"}
{"level":"info","message":"/n URL: /favicon.ico - {}","service":"user-service"}
{"level":"info","message":"/n URL: /api/likes/toggle/2 - {\"userid\":\"1\"}","service":"user-service"}
{"level":"info","message":"/n URL: /api/likes/2 - {}","service":"user-service"}
{"level":"info","message":"/n URL: /favicon.ico - {}","service":"user-service"}
{"level":"info","message":"/n URL: /api/likes/toggle/2 - {\"userid\":\"1\"}","service":"user-service"}
{"level":"info","message":"/n URL: /api/likes/2 - {}","service":"user-service"}
{"level":"info","message":"/n URL: /favicon.ico - {}","service":"user-service"}
{"level":"info","message":"/n URL: /api/likes/toggle/2 - {\"userid\":\"1\"}","service":"user-service"}
{"level":"info","message":"/n URL: /api/likes/2 - {}","service":"user-service"}
{"level":"info","message":"/n URL: /favicon.ico - {}","service":"user-service"}
{"level":"info","message":"/n URL: /api/post/all - {}","service":"user-service"}
{"level":"info","message":"/n URL: /favicon.ico - {}","service":"user-service"}
{"level":"info","message":"/n URL: /api/post/myposts - {}","service":"user-service"}
{"level":"info","message":"/n URL: /favicon.ico - {}","service":"user-service"}
{"level":"info","message":"/n URL: /api/post/savedposts - {}","service":"user-service"}
{"level":"info","message":"/n URL: /favicon.ico - {}","service":"user-service"}
{"level":"info","message":"/n URL: /api/post/save - {\"postid\":\"1\",\"userid\":\"1\"}","service":"user-service"}
{"level":"info","message":"/n URL: /api/post/all - {}","service":"user-service"}
{"level":"info","message":"/n URL: /favicon.ico - {}","service":"user-service"}
{"level":"info","message":"/n URL: /api/post/save - {\"postid\":\"1\",\"userid\":\"1\"}","service":"user-service"}
{"level":"info","message":"/n URL: /api/post/all - {}","service":"user-service"}
{"level":"info","message":"/n URL: /favicon.ico - {}","service":"user-service"}
{"level":"info","message":"/n URL: /api/post/delete/1 - {}","service":"user-service"}
{"level":"info","message":"/n URL: /api/post/delete/2 - {}","service":"user-service"}
{"level":"info","message":"/n URL: /api/post/all - {}","service":"user-service"}
{"level":"info","message":"/n URL: /favicon.ico - {}","service":"user-service"}
{"level":"info","message":"/n URL: /api/comments/3 - {}","service":"user-service"}
{"level":"info","message":"/n URL: /favicon.ico - {}","service":"user-service"}
{"level":"info","message":"/n URL: /api/comments/update/5 - {\"postid\":\"3\",\"new_comment\":\"Greatest Match\"}","service":"user-service"}
{"level":"info","message":"/n URL: /api/comments/3 - {}","service":"user-service"}
{"level":"info","message":"/n URL: /favicon.ico - {}","service":"user-service"}
{"level":"info","message":"/n URL: /api/post/all - {}","service":"user-service"}
{"level":"info","message":"/n URL: /favicon.ico - {}","service":"user-service"}
{"level":"info","message":"/n URL: /api/post/all - {}","service":"user-service"}
{"level":"info","message":"/n URL: /favicon.ico - {}","service":"user-service"}
{"level":"info","message":"/n URL: /api/post/myposts - {}","service":"user-service"}
{"level":"info","message":"/n URL: /favicon.ico - {}","service":"user-service"}
{"level":"info","message":"/n URL: /api/post/savedposts - {}","service":"user-service"}
{"level":"info","message":"/n URL: /favicon.ico - {}","service":"user-service"}
{"level":"info","message":"/n URL: /api/likes/1 - {}","service":"user-service"}
{"level":"info","message":"/n URL: /favicon.ico - {}","service":"user-service"}
{"level":"info","message":"/n URL: /api/likes/toggle/1 - {\"userid\":\"1\"}","service":"user-service"}
{"level":"info","message":"/n URL: /api/likes/1 - {}","service":"user-service"}
{"level":"info","message":"/n URL: /favicon.ico - {}","service":"user-service"}
{"level":"info","message":"/n URL: /api/likes/toggle/1 - {\"userid\":\"1\"}","service":"user-service"}
{"level":"info","message":"/n URL: /api/likes/1 - {}","service":"user-service"}
{"level":"info","message":"/n URL: /favicon.ico - {}","service":"user-service"}
{"level":"info","message":"/n URL: /api/post/all - {}","service":"user-service"}
{"level":"info","message":"/n URL: /favicon.ico - {}","service":"user-service"}
{"level":"info","message":"/n URL: /api/post/all - {}","service":"user-service"}
{"level":"info","message":"/n URL: /favicon.ico - {}","service":"user-service"}
{"level":"info","message":"/n URL: /api/post/savedposts - {}","service":"user-service"}
{"level":"info","message":"/n URL: /favicon.ico - {}","service":"user-service"}
{"level":"info","message":"/n URL: /api/post/myposts - {}","service":"user-service"}
{"level":"info","message":"/n URL: /favicon.ico - {}","service":"user-service"}
{"level":"info","message":"/n URL: /api/post/all - {}","service":"user-service"}
{"level":"info","message":"/n URL: /favicon.ico - {}","service":"user-service"}
{"level":"info","message":"/n URL: /api/post/all - {}","service":"user-service"}
{"level":"info","message":"/n URL: /favicon.ico - {}","service":"user-service"}
{"level":"info","message":"/n URL: /api/post/all - {}","service":"user-service"}
{"level":"info","message":"/n URL: /favicon.ico - {}","service":"user-service"}
{"level":"info","message":"/n URL: /api/post/all - {}","service":"user-service"}
{"level":"info","message":"/n URL: /favicon.ico - {}","service":"user-service"}
{"level":"info","message":"/n URL: /api/post/all - {}","service":"user-service"}
{"level":"info","message":"/n URL: /favicon.ico - {}","service":"user-service"}
{"level":"info","message":"/n URL: /api/post/all - {}","service":"user-service"}
{"level":"info","message":"/n URL: /favicon.ico - {}","service":"user-service"}
{"level":"info","message":"/n URL: /api/post/all - {}","service":"user-service"}
{"level":"info","message":"/n URL: /favicon.ico - {}","service":"user-service"}
{"level":"info","message":"/n URL: /api/post/all - {}","service":"user-service"}
{"level":"info","message":"/n URL: /favicon.ico - {}","service":"user-service"}
{"level":"info","message":"/n URL: /api/post/all - {}","service":"user-service"}
{"level":"info","message":"/n URL: /favicon.ico - {}","service":"user-service"}
{"level":"info","message":"/n URL: /api/post/all - {}","service":"user-service"}
{"level":"info","message":"/n URL: /favicon.ico - {}","service":"user-service"}
{"level":"info","message":"/n URL: /api/post/all - {}","service":"user-service"}
{"level":"info","message":"/n URL: /favicon.ico - {}","service":"user-service"}
{"level":"info","message":"/n URL: /api/post/all - {}","service":"user-service"}
{"level":"info","message":"/n URL: /favicon.ico - {}","service":"user-service"}
{"level":"info","message":"/n URL: /api/post/all - {}","service":"user-service"}
{"level":"info","message":"/n URL: /favicon.ico - {}","service":"user-service"}
{"level":"info","message":"/n URL: /api/post/all - {}","service":"user-service"}
{"level":"info","message":"/n URL: /favicon.ico - {}","service":"user-service"}
{"level":"info","message":"/n URL: /api/post/all - {}","service":"user-service"}
{"level":"info","message":"/n URL: /favicon.ico - {}","service":"user-service"}
{"level":"info","message":"/n URL: /api/post/all - {}","service":"user-service"}
{"level":"info","message":"/n URL: /favicon.ico - {}","service":"user-service"}
{"level":"info","message":"/n URL: /api/post/all - {}","service":"user-service"}
{"level":"info","message":"/n URL: /favicon.ico - {}","service":"user-service"}
{"level":"info","message":"/n URL: /api/post/all - {}","service":"user-service"}
{"level":"info","message":"/n URL: /favicon.ico - {}","service":"user-service"}
{"level":"info","message":"/n URL: /api/post/all - {}","service":"user-service"}
{"level":"info","message":"/n URL: /favicon.ico - {}","service":"user-service"}
{"level":"info","message":"/n URL: /api/post/all - {}","service":"user-service"}
{"level":"info","message":"/n URL: /favicon.ico - {}","service":"user-service"}
{"level":"info","message":"/n URL: /api/post/all - {}","service":"user-service"}
{"level":"info","message":"/n URL: /favicon.ico - {}","service":"user-service"}
{"level":"info","message":"/n URL: /api/post/all - {}","service":"user-service"}
{"level":"info","message":"/n URL: /favicon.ico - {}","service":"user-service"}
{"level":"info","message":"/n URL: /api/post/all - {}","service":"user-service"}
{"level":"info","message":"/n URL: /favicon.ico - {}","service":"user-service"}
{"level":"info","message":"/n URL: /api/post/all - {}","service":"user-service"}
{"level":"info","message":"/n URL: /favicon.ico - {}","service":"user-service"}
{"level":"info","message":"/n URL: /api/post/all - {}","service":"user-service"}
{"level":"info","message":"/n URL: /favicon.ico - {}","service":"user-service"}
{"level":"info","message":"/n URL: /api/post/all - {}","service":"user-service"}
{"level":"info","message":"/n URL: /favicon.ico - {}","service":"user-service"}
{"level":"info","message":"/n URL: /api/post/all - {}","service":"user-service"}
{"level":"info","message":"/n URL: /favicon.ico - {}","service":"user-service"}
{"level":"info","message":"/n URL: /api/post/all - {}","service":"user-service"}
{"level":"info","message":"/n URL: /favicon.ico - {}","service":"user-service"}
{"level":"info","message":"/n URL: /api/post/all - {}","service":"user-service"}
{"level":"info","message":"/n URL: /favicon.ico - {}","service":"user-service"}
{"level":"info","message":"/n URL: /api/post/all - {}","service":"user-service"}
{"level":"info","message":"/n URL: /favicon.ico - {}","service":"user-service"}
{"level":"info","message":"/n URL: /api/post/all - {}","service":"user-service"}
{"level":"info","message":"/n URL: /favicon.ico - {}","service":"user-service"}
{"level":"info","message":"/n URL: /api/post/all - {}","service":"user-service"}
{"level":"info","message":"/n URL: /favicon.ico - {}","service":"user-service"}
{"level":"info","message":"/n URL: /api/post/all - {\"filter_keyword\":\"dadadadadadaa\"}","service":"user-service"}
{"level":"info","message":"/n URL: /favicon.ico - {}","service":"user-service"}
{"level":"info","message":"/n URL: /api/post/all - {}","service":"user-service"}
{"level":"info","message":"/n URL: /favicon.ico - {}","service":"user-service"}
{"level":"info","message":"/n URL: /api/post/all - {\"filter_keyword\":\"dadadadadadaa\"}","service":"user-service"}
{"level":"info","message":"/n URL: /favicon.ico - {}","service":"user-service"}
{"level":"info","message":"/n URL: /api/post/all - {}","service":"user-service"}
{"level":"info","message":"/n URL: /favicon.ico - {}","service":"user-service"}
{"level":"info","message":"/n URL: /api/post/filter - {\"filter_keyword\":\"dadada\"}","service":"user-service"}
{"level":"info","message":"/n URL: /api/post/all - {}","service":"user-service"}
{"level":"info","message":"/n URL: /favicon.ico - {}","service":"user-service"}
{"level":"info","message":"/n URL: /api/post/filter - {\"filter_keyword\":\"adadad\"}","service":"user-service"}
{"level":"info","message":"/n URL: /favicon.ico - {}","service":"user-service"}
{"level":"info","message":"/n URL: /favicon.ico - {}","service":"user-service"}
{"level":"info","message":"/n URL: /api/post/filter - {\"filter_keyword\":\"busted\"}","service":"user-service"}
{"level":"info","message":"/n URL: /favicon.ico - {}","service":"user-service"}
{"level":"info","message":"/n URL: /api/post/filter - {\"filter_keyword\":\"a\"}","service":"user-service"}
{"level":"info","message":"/n URL: /favicon.ico - {}","service":"user-service"}
{"level":"info","message":"/n URL: /api/post/filter - {\"filter_keyword\":\"bustling\"}","service":"user-service"}
{"level":"info","message":"/n URL: /favicon.ico - {}","service":"user-service"}
{"level":"info","message":"/n URL: /api/post/all - {}","service":"user-service"}
{"level":"info","message":"/n URL: /favicon.ico - {}","service":"user-service"}
{"level":"info","message":"/n URL: /api/post/all - {}","service":"user-service"}
{"level":"info","message":"/n URL: /favicon.ico - {}","service":"user-service"}
{"level":"info","message":"/n URL: /api/post/savedposts - {}","service":"user-service"}
{"level":"info","message":"/n URL: /favicon.ico - {}","service":"user-service"}
{"level":"info","message":"/n URL: /api/post/all - {}","service":"user-service"}
{"level":"info","message":"/n URL: /favicon.ico - {}","service":"user-service"}
{"level":"info","message":"/n URL: /api/post/myposts - {}","service":"user-service"}
{"level":"info","message":"/n URL: /favicon.ico - {}","service":"user-service"}
{"level":"info","message":"/n URL: /api/post/myposts - {}","service":"user-service"}
{"level":"info","message":"/n URL: /favicon.ico - {}","service":"user-service"}
{"level":"info","message":"/n URL: /api/post/savedposts - {}","service":"user-service"}
{"level":"info","message":"/n URL: /favicon.ico - {}","service":"user-service"}
{"level":"info","message":"/n URL: /api/post/myposts - {}","service":"user-service"}
{"level":"info","message":"/n URL: /favicon.ico - {}","service":"user-service"}
{"level":"info","message":"/n URL: /api/post/all - {}","service":"user-service"}
{"level":"info","message":"/n URL: /favicon.ico - {}","service":"user-service"}
{"level":"info","message":"/n URL: /api/post/savedposts - {}","service":"user-service"}
{"level":"info","message":"/n URL: /favicon.ico - {}","service":"user-service"}
{"level":"info","message":"/n URL: /api/post/savedposts - {}","service":"user-service"}
{"level":"info","message":"/n URL: /favicon.ico - {}","service":"user-service"}
{"level":"info","message":"/n URL: /api/post/savedposts - {}","service":"user-service"}
{"level":"info","message":"/n URL: /favicon.ico - {}","service":"user-service"}
{"level":"info","message":"/n URL: /api/post/savedposts - {}","service":"user-service"}
{"level":"info","message":"/n URL: /favicon.ico - {}","service":"user-service"}
{"level":"info","message":"/n URL: /api/post/savedposts - {}","service":"user-service"}
{"level":"info","message":"/n URL: /favicon.ico - {}","service":"user-service"}
{"level":"info","message":"/n URL: /api/post/all - {}","service":"user-service"}
{"level":"info","message":"/n URL: /favicon.ico - {}","service":"user-service"}
{"level":"info","message":"/n URL: /api/post/myposts - {}","service":"user-service"}
{"level":"info","message":"/n URL: /favicon.ico - {}","service":"user-service"}
{"level":"info","message":"/n URL: /api/post/filter - {\"filter_keyword\":\"T\"}","service":"user-service"}
{"level":"info","message":"/n URL: /favicon.ico - {}","service":"user-service"}
{"level":"info","message":"/n URL: /api/post/all - {}","service":"user-service"}
{"level":"info","message":"/n URL: /favicon.ico - {}","service":"user-service"}
{"level":"info","message":"/n URL: /api/post/all - {}","service":"user-service"}
{"level":"info","message":"/n URL: /favicon.ico - {}","service":"user-service"}
{"level":"info","message":"/n URL: /api/post/all - {}","service":"user-service"}
{"level":"info","message":"/n URL: /favicon.ico - {}","service":"user-service"}
{"level":"info","message":"/n URL: /api/post/filter - {\"filter_keyword\":\"adadad\"}","service":"user-service"}
{"level":"info","message":"/n URL: /favicon.ico - {}","service":"user-service"}
{"level":"info","message":"/n URL: /api/post/all - {}","service":"user-service"}
{"level":"info","message":"/n URL: /favicon.ico - {}","service":"user-service"}
{"level":"info","message":"/n URL: /api/post/filter - {\"filter_keyword\":\"A\"}","service":"user-service"}
{"level":"info","message":"/n URL: /favicon.ico - {}","service":"user-service"}
{"level":"info","message":"/n URL: /api/post/save - {\"postid\":\"1\",\"userid\":\"1\"}","service":"user-service"}
{"level":"info","message":"/n URL: /api/post/all - {}","service":"user-service"}
{"level":"info","message":"/n URL: /favicon.ico - {}","service":"user-service"}
{"level":"info","message":"/n URL: /api/post/savedposts - {}","service":"user-service"}
{"level":"info","message":"/n URL: /favicon.ico - {}","service":"user-service"}
{"level":"info","message":"/n URL: /api/post/all - {}","service":"user-service"}
{"level":"info","message":"/n URL: /favicon.ico - {}","service":"user-service"}
{"level":"info","message":"/n URL: /api/post/all - {}","service":"user-service"}
{"level":"info","message":"/n URL: /favicon.ico - {}","service":"user-service"}
{"level":"info","message":"/n URL: /api/post/myposts - {}","service":"user-service"}
{"level":"info","message":"/n URL: /favicon.ico - {}","service":"user-service"}
{"level":"info","message":"/n URL: /api/post/savedposts - {}","service":"user-service"}
{"level":"info","message":"/n URL: /favicon.ico - {}","service":"user-service"}
{"level":"info","message":"/n URL: /api/post/all - {}","service":"user-service"}
{"level":"info","message":"/n URL: /favicon.ico - {}","service":"user-service"}
{"level":"info","message":"/n URL: /api/post/save - {\"postid\":\"1\",\"userid\":\"1\"}","service":"user-service"}
{"level":"info","message":"/n URL: /api/post/all - {}","service":"user-service"}
{"level":"info","message":"/n URL: /favicon.ico - {}","service":"user-service"}
{"level":"info","message":"/n URL: /api/post/save - {\"postid\":\"2\",\"userid\":\"1\"}","service":"user-service"}
{"level":"info","message":"/n URL: /api/post/all - {}","service":"user-service"}
{"level":"info","message":"/n URL: /favicon.ico - {}","service":"user-service"}
{"level":"info","message":"/n URL: /api/post/save - {\"postid\":\"3\",\"userid\":\"1\"}","service":"user-service"}
{"level":"info","message":"/n URL: /api/post/all - {}","service":"user-service"}
{"level":"info","message":"/n URL: /favicon.ico - {}","service":"user-service"}
{"level":"info","message":"/n URL: /api/post/save - {\"postid\":\"5\",\"userid\":\"1\"}","service":"user-service"}
{"level":"info","message":"/n URL: /api/post/all - {}","service":"user-service"}
{"level":"info","message":"/n URL: /favicon.ico - {}","service":"user-service"}
{"level":"info","message":"/n URL: /api/post/savedposts - {}","service":"user-service"}
{"level":"info","message":"/n URL: /favicon.ico - {}","service":"user-service"}
{"level":"info","message":"/n URL: /api/post/myposts - {}","service":"user-service"}
{"level":"info","message":"/n URL: /favicon.ico - {}","service":"user-service"}
{"level":"info","message":"/n URL: /api/post/all - {}","service":"user-service"}
{"level":"info","message":"/n URL: /favicon.ico - {}","service":"user-service"}
{"level":"info","message":"/n URL: /api/post/all - {}","service":"user-service"}
{"level":"info","message":"/n URL: /favicon.ico - {}","service":"user-service"}
{"level":"info","message":"/n URL: /api/post/filter - {\"filter_keyword\":\"Tirtha\"}","service":"user-service"}
{"level":"info","message":"/n URL: /favicon.ico - {}","service":"user-service"}
{"level":"info","message":"/n URL: /api/post/savedposts - {}","service":"user-service"}
{"level":"info","message":"/n URL: /favicon.ico - {}","service":"user-service"}
{"level":"info","message":"/n URL: /api/post/myposts - {}","service":"user-service"}
{"level":"info","message":"/n URL: /favicon.ico - {}","service":"user-service"}
{"level":"info","message":"/n URL: /api/post/all - {}","service":"user-service"}
{"level":"info","message":"/n URL: /favicon.ico - {}","service":"user-service"}
{"level":"info","message":"/n URL: /api/post/all - {}","service":"user-service"}
{"level":"info","message":"/n URL: /favicon.ico - {}","service":"user-service"}
{"level":"info","message":"/n URL: /api/post/all - {}","service":"user-service"}
{"level":"info","message":"/n URL: /favicon.ico - {}","service":"user-service"}
{"level":"info","message":"/n URL: /api/comments/2 - {}","service":"user-service"}
{"level":"info","message":"/n URL: /favicon.ico - {}","service":"user-service"}
{"level":"info","message":"/n URL: /api/comments/add/2 - {\"add_comment\":\"New Commenst\",\"userid\":\"1\"}","service":"user-service"}
{"level":"info","message":"/n URL: /api/comments/2 - {}","service":"user-service"}
{"level":"info","message":"/n URL: /favicon.ico - {}","service":"user-service"}
{"level":"info","message":"/n URL: /api/post/all - {}","service":"user-service"}
{"level":"info","message":"/n URL: /favicon.ico - {}","service":"user-service"}
{"level":"info","message":"/n URL: /api/post/all - {}","service":"user-service"}
{"level":"info","message":"/n URL: /favicon.ico - {}","service":"user-service"}
